Build started 31-Mar-2014 9:49:03 PM.
     1>Project "E:\C++ Prog - Visual Studio\MakingChange\MakingChange\MakingChange.vcxproj" on node 2 (Build target(s)).
     1>ClCompile:
         C:\Program Files (x86)\Microsoft Visual Studio 11.0\VC\bin\CL.exe /c /ZI /nologo /W3 /WX- /Od /Oy- /D _MBCS /Gm /EHsc /RTC1 /MDd /GS /fp:precise /Zc:wchar_t /Zc:forScope /Fo"Debug\\" /Fd"Debug\vc110.pdb" /Gd /TP /analyze- /errorReport:prompt MakingChange.cpp
         MakingChange.cpp
     1>e:\c++ prog - visual studio\makingchange\makingchange\makingchange.cpp(88): warning C4996: '_strdate': This function or variable may be unsafe. Consider using _strdate_s instead. To disable deprecation, use _CRT_SECURE_NO_WARNINGS. See online help for details.
                 c:\program files (x86)\microsoft visual studio 11.0\vc\include\time.h(177) : see declaration of '_strdate'
     1>e:\c++ prog - visual studio\makingchange\makingchange\makingchange.cpp(89): warning C4996: '_strtime': This function or variable may be unsafe. Consider using _strtime_s instead. To disable deprecation, use _CRT_SECURE_NO_WARNINGS. See online help for details.
                 c:\program files (x86)\microsoft visual studio 11.0\vc\include\time.h(181) : see declaration of '_strtime'
     1>e:\c++ prog - visual studio\makingchange\makingchange\makingchange.cpp(97): warning C4244: '=' : conversion from 'double' to 'int', possible loss of data
     1>e:\c++ prog - visual studio\makingchange\makingchange\makingchange.cpp(142): warning C4244: '=' : conversion from 'double' to 'int', possible loss of data
     1>e:\c++ prog - visual studio\makingchange\makingchange\makingchange.cpp(149): warning C4244: '=' : conversion from 'double' to 'int', possible loss of data
     1>e:\c++ prog - visual studio\makingchange\makingchange\makingchange.cpp(156): warning C4244: '=' : conversion from 'double' to 'int', possible loss of data
     1>e:\c++ prog - visual studio\makingchange\makingchange\makingchange.cpp(163): warning C4244: '=' : conversion from 'double' to 'int', possible loss of data
       Link:
         C:\Program Files (x86)\Microsoft Visual Studio 11.0\VC\bin\link.exe /ERRORREPORT:PROMPT /OUT:"E:\C++ Prog - Visual Studio\MakingChange\Debug\MakingChange.exe" /INCREMENTAL /NOLOGO kernel32.lib user32.lib gdi32.lib winspool.lib comdlg32.lib advapi32.lib shell32.lib ole32.lib oleaut32.lib uuid.lib odbc32.lib odbccp32.lib /MANIFEST /MANIFESTUAC:"level='asInvoker' uiAccess='false'" /manifest:embed /DEBUG /PDB:"E:\C++ Prog - Visual Studio\MakingChange\Debug\MakingChange.pdb" /TLBID:1 /DYNAMICBASE /NXCOMPAT /IMPLIB:"E:\C++ Prog - Visual Studio\MakingChange\Debug\MakingChange.lib" /MACHINE:X86 Debug\MakingChange.obj
         MakingChange.vcxproj -> E:\C++ Prog - Visual Studio\MakingChange\Debug\MakingChange.exe
     1>Done Building Project "E:\C++ Prog - Visual Studio\MakingChange\MakingChange\MakingChange.vcxproj" (Build target(s)).

Build succeeded.

Time Elapsed 00:00:05.98
